<?xml version="1.0" encoding="UTF-8"?>
<testng-results ignored="0" total="1" passed="1" failed="0" skipped="0">
  <reporter-output>
  </reporter-output>
  <suite started-at="2025-03-07T09:53:52 IST" name="Suite" finished-at="2025-03-07T09:54:25 IST" duration-ms="32639">
    <groups>
    </groups>
    <test started-at="2025-03-07T09:53:52 IST" name="Test" finished-at="2025-03-07T09:54:25 IST" duration-ms="32639">
      <class name="Script.Portal">
        <test-method is-config="true" signature="Driverallocation()[pri:0, instance:Script.Portal@6b695b06]" started-at="2025-03-07T09:53:52 IST" name="Driverallocation" finished-at="2025-03-07T09:54:03 IST" duration-ms="11015" status="PASS">
          <reporter-output>
          </reporter-output>
        </test-method> <!-- Driverallocation -->
        <test-method signature="APortal()[pri:0, instance:Script.Portal@6b695b06]" started-at="2025-03-07T09:54:04 IST" name="APortal" finished-at="2025-03-07T09:54:25 IST" duration-ms="21169" status="PASS">
          <reporter-output>
          </reporter-output>
        </test-method> <!-- APortal -->
      </class> <!-- Script.Portal -->
    </test> <!-- Test -->
  </suite> <!-- Suite -->
</testng-results>
